02.03.2020 11:14:39	Этот журнал содержит сведения об операции импорта схемы в проект "Database1" на компьютере "DESKTOP", выполненной пользователем "пк".
02.03.2020 11:14:40	Импорт схемы базы данных начат.
02.03.2020 11:14:45	Идет сбор сообщений об ошибках
02.03.2020 11:14:45	Идет сбор поставщиков служб шифрования
02.03.2020 11:14:45	Идет сбор учетных данных
02.03.2020 11:14:45	Идет сбор имен входа
02.03.2020 11:14:45	Сбор ролей сервера
02.03.2020 11:14:45	Идет сбор членств ролей сервера
02.03.2020 11:14:45	Идет сбор связанных серверов
02.03.2020 11:14:45	Идет сбор имен входа на связанный сервер
02.03.2020 11:14:45	Идет сбор маршрутов
02.03.2020 11:14:45	Идет сбор триггеров ddl
02.03.2020 11:14:45	Идет сбор зашифрованных триггеров и триггеров ddl clr
02.03.2020 11:14:45	Идет сбор уведомлений о событиях
02.03.2020 11:14:45	Идет сбор аудитов сервера
02.03.2020 11:14:45	Идет сбор спецификаций аудита сервера
02.03.2020 11:14:45	Идет сбор уведомлений о событиях
02.03.2020 11:14:52	Идет сбор учетных данных для базы данных
02.03.2020 11:14:52	Идет сбор параметров базы данных
02.03.2020 11:14:52	Собирается параметр конфигурации области универсальной базы данных
02.03.2020 11:14:52	Идет сбор пользователей
02.03.2020 11:14:52	Идет сбор ролей
02.03.2020 11:14:52	Идет сбор ролей приложений
02.03.2020 11:14:52	Идет сбор членств ролей
02.03.2020 11:14:52	Идет сбор файловых групп
02.03.2020 11:14:52	Идет сбор файлов
02.03.2020 11:14:52	Идет сбор полнотекстовых каталогов
02.03.2020 11:14:52	Идет сбор сборок
02.03.2020 11:14:52	Идет сбор сертификатов
02.03.2020 11:14:52	Идет сбор асимметричных ключей
02.03.2020 11:14:52	Идет сбор симметричных ключей
02.03.2020 11:14:52	Идет сбор зашифрованных симметричных ключей
02.03.2020 11:14:52	Идет сбор ключей шифрования базы данных
02.03.2020 11:14:52	Идет сбор схем
02.03.2020 11:14:52	Идет сбор коллекции схем XML
02.03.2020 11:14:52	Идет сбор определяемых пользователем типов данных
02.03.2020 11:14:52	Идет сбор определяемых пользователем типов
02.03.2020 11:14:52	Идет сбор табличных типов
02.03.2020 11:14:52	Сбор уникальных ключей для табличных типов
02.03.2020 11:14:52	Идет сбор первичных ключей для табличных типов
02.03.2020 11:14:52	Сбор индексов для табличных типов
02.03.2020 11:14:52	Идет сбор проверочных ограничений для табличных типов
02.03.2020 11:14:52	Идет сбор ограничений по умолчанию для табличных типов
02.03.2020 11:14:52	Идет сбор функций секционирования
02.03.2020 11:14:52	Идет сбор схем секционирования
02.03.2020 11:14:52	Идет сбор функций
02.03.2020 11:14:52	Сбор зашифрованных функций
02.03.2020 11:14:52	Идет сбор статистических выражений
02.03.2020 11:14:52	Идет сбор процедур
02.03.2020 11:14:52	Сбор зашифрованных процедур
02.03.2020 11:14:52	Идет сбор таблиц
02.03.2020 11:14:52	Идет сбор первичных ключей
02.03.2020 11:14:52	Идет сбор ограничений уникальности
02.03.2020 11:14:52	Идет сбор внешних ключей
02.03.2020 11:14:52	Идет сбор ограничений по умолчанию
02.03.2020 11:14:52	Идет сбор проверочных ограничений
02.03.2020 11:14:52	Идет сбор представлений
02.03.2020 11:14:52	Сбор зашифрованных представлений
02.03.2020 11:14:52	Идет сбор индексов
02.03.2020 11:14:52	Идет сбор статистики
02.03.2020 11:14:52	Идет сбор списков стоп-слов полнотекстовых индексов
02.03.2020 11:14:52	Сбор списков свойств поиска
02.03.2020 11:14:52	Сбор свойств поиска
02.03.2020 11:14:52	Идет сбор полнотекстовых индексов
02.03.2020 11:14:52	Сбор индексов хранилища столбцов
02.03.2020 11:14:53	Идет сбор пространственных индексов
02.03.2020 11:14:53	Идет сбор XML-индексов
02.03.2020 11:14:53	Сбор селективных XML-индексов
02.03.2020 11:14:53	Сбор зашифрованных триггеров
02.03.2020 11:14:53	Идет сбор триггеров
02.03.2020 11:14:53	Идет сбор зашифрованных триггеров и триггеров ddl clr
02.03.2020 11:14:53	Идет сбор триггеров ddl
02.03.2020 11:14:53	Идет сбор синонимов
02.03.2020 11:14:53	Идет сбор значений по умолчанию
02.03.2020 11:14:53	Идет сбор привязок uddt ограничений данных
02.03.2020 11:14:53	Идет сбор правил
02.03.2020 11:14:53	Идет сбор привязок uddt ограничений данных
02.03.2020 11:14:53	Идет сбор типов сообщений
02.03.2020 11:14:53	Идет сбор списков ожидания
02.03.2020 11:14:53	Идет сбор контрактов
02.03.2020 11:14:53	Идет сбор служб
02.03.2020 11:14:53	Идет сбор маршрутов
02.03.2020 11:14:53	Идет сбор уведомлений о событиях
02.03.2020 11:14:53	Идет сбор привязок удаленных служб
02.03.2020 11:14:53	Идет сбор приоритетов брокера
02.03.2020 11:14:53	Идет сбор спецификаций аудита базы данных
02.03.2020 11:14:53	Идет сбор подписей
02.03.2020 11:14:53	Идет сбор параметров сжатия данных
02.03.2020 11:14:53	Сбор типов последовательностей
02.03.2020 11:14:53	Идет сбор политик безопасности
02.03.2020 11:14:53	Сбор ключей шифрования столбцов
02.03.2020 11:14:53	Сбор главных ключей столбцов
02.03.2020 11:14:53	Выполняется сбор внешних источников данных
02.03.2020 11:14:53	Выполняется сбор внешних форматов файлов
02.03.2020 11:14:53	Выполняется сбор внешних таблиц
02.03.2020 11:14:53	Идет сбор расширенных свойств
02.03.2020 11:14:54	Выполняется проверка проекта на наличие повторяющихся элементов
02.03.2020 11:14:54	Обработка повторяющегося элемента завершена
02.03.2020 11:14:55	Импорт базы данных завершен.
02.03.2020 11:14:55	summary операции импорта была сохранена по следующему пути: C:\Users\пк\Desktop\ultraOOP\WebApplication1\Database1\Журналы импорта схем\Database1_20200302091439.log
02.03.2020 11:14:55	Для продолжения нажмите кнопку ''Готово''...
